
     | | | | | | |
   _________________
  -|               |-
  -|               |-
  -|               |-
  -|    CYPRESS    |-
  -|               |-
  -|               |-   Warp VHDL Synthesis Compiler: Version 6.3 IR 35
  -|               |-   Copyright (C) 1991-2001 Cypress Semiconductor
   |_______________|
     | | | | | | |

======================================================================
Compiling:  BCD_3_bits.vhd
Options:    -m -yu -e10 -w100 -o2 -ygs -fP -v10 -dc22v10 -ppalc22v10d-25pc -b BCD_3_bits.vhd -u BCD_3_bits.hie
======================================================================

vhdlfe V6.3 IR 35:  VHDL parser
Sat Oct 27 22:11:22 2018

Library 'work' => directory 'lc22v10'
Linking 'C:\Program Files\Cypress\Warp\bin\std.vhd'.
Linking 'C:\Program Files\Cypress\Warp\lib\common\cypress.vhd'.
Linking 'C:\Program Files\Cypress\Warp\lib\common\work\cypress.vif'.
Library 'ieee' => directory 'C:\Program Files\Cypress\Warp\lib\ieee\work'
Linking 'C:\Program Files\Cypress\Warp\lib\ieee\work\stdlogic.vif'.
Linking 'C:\Program Files\Cypress\Warp\lib\ieee\work\num_std.vif'.

vhdlfe:  No errors.


tovif V6.3 IR 35:  High-level synthesis
Sat Oct 27 22:11:22 2018

Linking 'C:\Program Files\Cypress\Warp\bin\std.vhd'.
Linking 'C:\Program Files\Cypress\Warp\lib\common\cypress.vhd'.
Linking 'C:\Program Files\Cypress\Warp\lib\common\work\cypress.vif'.
Linking 'C:\Program Files\Cypress\Warp\lib\ieee\work\stdlogic.vif'.
Linking 'C:\Program Files\Cypress\Warp\lib\ieee\work\num_std.vif'.

tovif:  No errors.


topld V6.3 IR 35:  Synthesis and optimization
Sat Oct 27 22:11:22 2018

Linking 'C:\Program Files\Cypress\Warp\bin\std.vhd'.
Linking 'C:\Program Files\Cypress\Warp\lib\common\cypress.vhd'.
Linking 'C:\Program Files\Cypress\Warp\lib\common\work\cypress.vif'.
Linking 'C:\Program Files\Cypress\Warp\lib\ieee\work\stdlogic.vif'.
Linking 'C:\Program Files\Cypress\Warp\lib\ieee\work\num_std.vif'.

----------------------------------------------------------
Detecting unused logic.
----------------------------------------------------------



------------------------------------------------------
Alias Detection
------------------------------------------------------

------------------------------------------------------
Aliased 0 equations, 0 wires.
------------------------------------------------------

----------------------------------------------------------
Circuit simplification
----------------------------------------------------------

----------------------------------------------------------
Circuit simplification results:

	Expanded 1 signals.
	Turned 0 signals into soft nodes.
	Maximum default expansion cost was set at 10.
----------------------------------------------------------

------------------------------------------------------
Alias Detection
------------------------------------------------------

------------------------------------------------------
Aliased 0 equations, 0 wires.
------------------------------------------------------
Created 15 PLD nodes.

topld:  No errors.

----------------------------------------------------------------------------
PLD Optimizer Software:       DSGNOPT.EXE    31/03/2000  [v4.02 ] 6.3 IR 35

DESIGN HEADER INFORMATION  (22:11:23)

Input File(s): BCD_3_bits.pla
Device       : C22V10
Package      : palc22v10d-25pc
ReportFile   : BCD_3_bits.rpt

Program Controls:
    COMMAND LANGUAGE_VHDL 
    COMMAND PROPERTY BUS_HOLD ENABLE 

Signal Requests:
    GROUP USEPOL ALL
    GROUP FAST_SLEW ALL

Completed Successfully  
----------------------------------------------------------------------------
PLD Optimizer Software:       DSGNOPT.EXE    31/03/2000  [v4.02 ] 6.3 IR 35

OPTIMIZATION OPTIONS       (22:11:23)

Messages:
  Information: Optimizing logic using best output polarity for signals:
         o(0) o(1) o(2) o(3) o(4) o(5) o(6) o(7) o(8) o(9)



Summary:
                 Error Count = 0      Warning Count = 0

Completed Successfully  
----------------------------------------------------------------------------
PLD Optimizer Software:       MINOPT.EXE     01/NOV/1999  [v4.02 ] 6.3 IR 35

LOGIC MINIMIZATION         ()

Messages:


Summary:
                 Error Count = 0      Warning Count = 0

Completed Successfully
----------------------------------------------------------------------------
PLD Optimizer Software:       DSGNOPT.EXE    31/03/2000  [v4.02 ] 6.3 IR 35

OPTIMIZATION OPTIONS       (22:11:23)

Messages:
  Information: Optimizing Banked Preset/Reset requirements.


Summary:
                 Error Count = 0      Warning Count = 0

Completed Successfully  
----------------------------------------------------------------------------
PLD Compiler Software:        PLA2JED.EXE    31/03/2000  [v4.02 ] 6.3 IR 35

<CYPRESSTAG name="Equations" icon=FILE_RPT_EQUATION>
DESIGN EQUATIONS           (22:11:23)
</CYPRESSTAG>

    o(0) =
          i(2) * /i(3) * i(4) 
        + i(1) * /i(3) * i(4) 
        + i(0) * /i(3) * i(4) 

    /o(1) =
          i(1) * /i(2) * i(3) * /i(4) 
        + i(0) * i(1) * i(2) 
        + /i(1) * /i(2) * i(4) 
        + /i(1) * /i(2) * /i(3) 

    o(2) =
          /i(0) * i(2) * i(3) * i(4) 
        + /i(1) * i(2) * i(3) * i(4) 
        + /i(0) * /i(1) * i(3) * i(4) 
        + /i(0) * /i(1) * i(2) * i(4) 
        + i(1) * /i(2) * /i(3) * i(4) 
        + /i(0) * i(1) * i(3) * /i(4) 
        + /i(1) * /i(2) * i(3) * /i(4) 
        + /i(0) * i(2) * /i(3) * /i(4) 
        + /i(1) * i(2) * /i(3) * /i(4) 
        + /i(0) * /i(1) * /i(3) * /i(4) 

    o(3) =
          /i(0) * /i(1) * i(3) * /i(4) 
        + /i(0) * i(1) * i(4) 
        + /i(0) * /i(2) * i(3) 
        + /i(0) * i(1) * /i(3) 
        + /i(0) * /i(2) * /i(4) 

    /o(4) =
          /i(0) * /i(1) * i(2) * i(4) 
        + /i(0) * /i(1) * i(2) * /i(3) 
        + /i(1) * /i(2) * /i(3) * i(4) 
        + i(1) * i(2) * i(3) * /i(4) 
        + i(0) * /i(2) * i(3) * /i(4) 
        + i(0) * i(1) * i(2) 
        + i(0) * /i(1) * /i(2) 

    /o(5) =
          /i(0) * i(1) * /i(2) * i(3) * i(4) 
        + /i(0) * i(1) * i(2) * /i(3) * i(4) 
        + /i(0) * /i(1) * /i(2) * /i(3) * i(4) 
        + i(0) * i(1) * i(2) * i(3) * /i(4) 
        + /i(0) * /i(1) * i(2) * i(3) * /i(4) 
        + /i(0) * i(1) * /i(2) * /i(3) * /i(4) 

    /o(6) =
          i(0) * i(1) * i(2) * i(3) * /i(4) 
        + /i(0) * i(1) * i(2) * i(3) * i(4) 
        + i(0) * /i(1) * i(2) * i(3) * i(4) 
        + /i(0) * i(1) * i(2) * /i(3) * /i(4) 
        + i(0) * /i(1) * i(2) * /i(3) * /i(4) 
        + i(1) * /i(2) * /i(3) * i(4) 
        + /i(0) * /i(2) * /i(3) * i(4) 

    o(7) =
          i(0) * /i(2) * /i(3) * i(4) 
        + i(1) * i(3) * i(4) 
        + /i(0) * i(1) * i(4) 
        + i(0) * /i(1) * i(2) 
        + /i(0) * /i(2) * i(3) 
        + /i(1) * i(3) * /i(4) 
        + /i(0) * /i(2) * /i(4) 
        + i(1) * /i(3) * /i(4) 

    o(8) =
          /i(0) * i(2) * i(3) * /i(4) 
        + /i(1) * i(2) * i(3) * /i(4) 
        + i(1) * /i(2) * i(3) * /i(4) 

    o(9) =
          /i(0) * i(2) * i(3) * /i(4) 
        + /i(1) * i(2) * i(3) * /i(4) 
        + i(1) * /i(2) * i(3) * /i(4) 


Completed Successfully  
----------------------------------------------------------------------------
PLD Compiler Software:        PLA2JED.EXE    31/03/2000  [v4.02 ] 6.3 IR 35

DESIGN RULE CHECK          (22:11:23)

Messages:
                 None.


Summary:
                 Error Count = 0      Warning Count = 0

Completed Successfully  
----------------------------------------------------------------------------
PLD Compiler Software:        PLA2JED.EXE    31/03/2000  [v4.02 ] 6.3 IR 35

<CYPRESSTAG name="Pinout" icon=FILE_RPT_PINOUT>
PINOUT INFORMATION   (22:11:23)
</CYPRESSTAG>
Messages:
  Information: Checking for duplicate NODE logic.
                 None.


                                 C22V10
                 __________________________________________
           i(4) =| 1|                                  |24|* not used       
           i(3) =| 2|                                  |23|= o(6)           
           i(2) =| 3|                                  |22|= o(4)           
           i(1) =| 4|                                  |21|= o(3)           
           i(0) =| 5|                                  |20|= o(9)           
       not used *| 6|                                  |19|= o(0)           
       not used *| 7|                                  |18|= o(8)           
       not used *| 8|                                  |17|= o(1)           
       not used *| 9|                                  |16|= o(5)           
       not used *|10|                                  |15|= o(2)           
       not used *|11|                                  |14|= o(7)           
       not used *|12|                                  |13|* not used       
                 __________________________________________


Summary:
                 Error Count = 0      Warning Count = 0

Completed Successfully  
----------------------------------------------------------------------------
PLD Compiler Software:        PLA2JED.EXE    31/03/2000  [v4.02 ] 6.3 IR 35

<CYPRESSTAG name="Utilization" icon=FILE_RPT_UTILIZATION>
RESOURCE UTILIZATION (22:11:23)
</CYPRESSTAG>
  Information: Macrocell Utilization.

                     Description        Used     Max
                 ______________________________________
                 | Dedicated Inputs   |    4  |   11  |
                 | Clock/Inputs       |    1  |    1  |
                 | I/O Macrocells     |   10  |   10  |
                 ______________________________________
                                          15  /   22   = 68  %


  Information: Output Logic Product Term Utilization.

                  Node#  Output Signal Name  Used   Max
                 ________________________________________
                 | 14  |  o(7)            |   8  |   8  |
                 | 15  |  o(2)            |  10  |  10  |
                 | 16  |  o(5)            |   6  |  12  |
                 | 17  |  o(1)            |   4  |  14  |
                 | 18  |  o(8)            |   3  |  16  |
                 | 19  |  o(0)            |   3  |  16  |
                 | 20  |  o(9)            |   3  |  14  |
                 | 21  |  o(3)            |   5  |  12  |
                 | 22  |  o(4)            |   7  |  10  |
                 | 23  |  o(6)            |   7  |   8  |
                 | 25  |  Unused          |   0  |   1  |
                 ________________________________________
                                             56  / 121   = 46  %


Completed Successfully  
----------------------------------------------------------------------------
PLD Compiler Software:        PLA2JED.EXE    31/03/2000  [v4.02 ] 6.3 IR 35

JEDEC ASSEMBLE             (22:11:23)

Messages:
  Information: Output file 'BCD_3_bits.pin' created.
  Information: Output file 'BCD_3_bits.jed' created.

  Usercode:    
  Checksum:    5FD3



Summary:
                 Error Count = 0      Warning Count = 0

Completed Successfully at 22:11:23
